<?xml version="1.0" encoding="UTF-8"?>
<testng-results ignored="0" total="2" passed="2" failed="0" skipped="0">
  <reporter-output>
  </reporter-output>
  <suite started-at="2023-01-11T16:24:51 CST" name="All Test Suite" finished-at="2023-01-11T16:25:09 CST" duration-ms="18054">
    <groups>
    </groups>
    <test started-at="2023-01-11T16:24:51 CST" name="SeleniumFramework" finished-at="2023-01-11T16:25:09 CST" duration-ms="18054">
      <class name="com.sha.tests.HomePageTest">
        <test-method is-config="true" signature="setUp()[pri:0, instance:com.sha.tests.HomePageTest@4bb33f74]" started-at="2023-01-11T16:24:52 CST" name="setUp" finished-at="2023-01-11T16:25:01 CST" duration-ms="8707" status="PASS">
          <reporter-output>
          </reporter-output>
        </test-method> <!-- setUp -->
        <test-method is-config="true" signature="setUp()[pri:0, instance:com.sha.tests.HomePageTest@4bb33f74]" started-at="2023-01-11T16:24:52 CST" name="setUp" finished-at="2023-01-11T16:25:02 CST" duration-ms="9138" status="PASS">
          <reporter-output>
          </reporter-output>
        </test-method> <!-- setUp -->
        <test-method signature="titleValidationTest(com.sha.testdata.TestData)[pri:0, instance:com.sha.tests.HomePageTest@4bb33f74]" started-at="2023-01-11T16:25:01 CST" name="titleValidationTest" description="To check whether the user the title of orangehrm website homepage is displayed correctly" data-provider="supplyParallelData" finished-at="2023-01-11T16:25:07 CST" duration-ms="5758" status="PASS">
          <params>
            <param index="0">
              <value>
                <![CDATA[com.sha.testdata.TestData@23797a68]]>
              </value>
            </param>
          </params>
          <reporter-output>
          </reporter-output>
        </test-method> <!-- titleValidationTest -->
        <test-method signature="titleValidationTest(com.sha.testdata.TestData)[pri:0, instance:com.sha.tests.HomePageTest@4bb33f74]" started-at="2023-01-11T16:25:02 CST" name="titleValidationTest" description="To check whether the user the title of orangehrm website homepage is displayed correctly" data-provider="supplyParallelData" finished-at="2023-01-11T16:25:07 CST" duration-ms="5660" status="PASS">
          <params>
            <param index="0">
              <value>
                <![CDATA[com.sha.testdata.TestData@3a92cb1]]>
              </value>
            </param>
          </params>
          <reporter-output>
          </reporter-output>
        </test-method> <!-- titleValidationTest -->
        <test-method is-config="true" signature="tearDown()[pri:0, instance:com.sha.tests.HomePageTest@4bb33f74]" started-at="2023-01-11T16:25:09 CST" name="tearDown" finished-at="2023-01-11T16:25:09 CST" duration-ms="473" status="PASS">
          <reporter-output>
          </reporter-output>
        </test-method> <!-- tearDown -->
        <test-method is-config="true" signature="tearDown()[pri:0, instance:com.sha.tests.HomePageTest@4bb33f74]" started-at="2023-01-11T16:25:09 CST" name="tearDown" finished-at="2023-01-11T16:25:09 CST" duration-ms="384" status="PASS">
          <reporter-output>
          </reporter-output>
        </test-method> <!-- tearDown -->
      </class> <!-- com.sha.tests.HomePageTest -->
    </test> <!-- SeleniumFramework -->
  </suite> <!-- All Test Suite -->
</testng-results>
