<?xml version="1.0" encoding="UTF-8"?>
<testng-results ignored="0" total="2" passed="2" failed="0" skipped="0">
  <reporter-output>
  </reporter-output>
  <suite started-at="2023-01-11T16:14:12 CST" name="All Test Suite" finished-at="2023-01-11T16:14:26 CST" duration-ms="14418">
    <groups>
    </groups>
    <test started-at="2023-01-11T16:14:12 CST" name="SeleniumFramework" finished-at="2023-01-11T16:14:26 CST" duration-ms="14418">
      <class name="com.sha.tests.HomePageTest">
        <test-method is-config="true" signature="setUp()[pri:0, instance:com.sha.tests.HomePageTest@58d75e99]" started-at="2023-01-11T16:14:13 CST" name="setUp" finished-at="2023-01-11T16:14:20 CST" duration-ms="7243" status="PASS">
          <reporter-output>
          </reporter-output>
        </test-method> <!-- setUp -->
        <test-method is-config="true" signature="setUp()[pri:0, instance:com.sha.tests.HomePageTest@58d75e99]" started-at="2023-01-11T16:14:13 CST" name="setUp" finished-at="2023-01-11T16:14:20 CST" duration-ms="6985" status="PASS">
          <reporter-output>
          </reporter-output>
        </test-method> <!-- setUp -->
        <test-method signature="titleValidationTest(com.sha.testdata.TestData)[pri:0, instance:com.sha.tests.HomePageTest@58d75e99]" started-at="2023-01-11T16:14:20 CST" name="titleValidationTest" description="To check whether the user the title of orangehrm website homepage is displayed correctly" data-provider="supplyParallelData" finished-at="2023-01-11T16:14:24 CST" duration-ms="3850" status="PASS">
          <params>
            <param index="0">
              <value>
                <![CDATA[com.sha.testdata.TestData@78acaa04]]>
              </value>
            </param>
          </params>
          <reporter-output>
          </reporter-output>
        </test-method> <!-- titleValidationTest -->
        <test-method signature="titleValidationTest(com.sha.testdata.TestData)[pri:0, instance:com.sha.tests.HomePageTest@58d75e99]" started-at="2023-01-11T16:14:20 CST" name="titleValidationTest" description="To check whether the user the title of orangehrm website homepage is displayed correctly" data-provider="supplyParallelData" finished-at="2023-01-11T16:14:24 CST" duration-ms="4199" status="PASS">
          <params>
            <param index="0">
              <value>
                <![CDATA[com.sha.testdata.TestData@71f88c2d]]>
              </value>
            </param>
          </params>
          <reporter-output>
          </reporter-output>
        </test-method> <!-- titleValidationTest -->
        <test-method is-config="true" signature="tearDown()[pri:0, instance:com.sha.tests.HomePageTest@58d75e99]" started-at="2023-01-11T16:14:24 CST" name="tearDown" finished-at="2023-01-11T16:14:25 CST" duration-ms="698" status="PASS">
          <reporter-output>
          </reporter-output>
        </test-method> <!-- tearDown -->
        <test-method is-config="true" signature="tearDown()[pri:0, instance:com.sha.tests.HomePageTest@58d75e99]" started-at="2023-01-11T16:14:25 CST" name="tearDown" finished-at="2023-01-11T16:14:26 CST" duration-ms="667" status="PASS">
          <reporter-output>
          </reporter-output>
        </test-method> <!-- tearDown -->
      </class> <!-- com.sha.tests.HomePageTest -->
    </test> <!-- SeleniumFramework -->
  </suite> <!-- All Test Suite -->
</testng-results>
