<?xml version="1.0" encoding="UTF-8"?>
<testng-results ignored="0" total="2" passed="2" failed="0" skipped="0">
  <reporter-output>
  </reporter-output>
  <suite started-at="2023-01-11T13:24:59 CST" name="All Test Suite" finished-at="2023-01-11T13:25:32 CST" duration-ms="33038">
    <groups>
    </groups>
    <test started-at="2023-01-11T13:24:59 CST" name="SeleniumFramework" finished-at="2023-01-11T13:25:32 CST" duration-ms="33038">
      <class name="com.sha.tests.HomePageTest">
        <test-method is-config="true" signature="setUp()[pri:0, instance:com.sha.tests.HomePageTest@58d75e99]" started-at="2023-01-11T13:25:05 CST" name="setUp" finished-at="2023-01-11T13:25:21 CST" duration-ms="16195" status="PASS">
          <reporter-output>
          </reporter-output>
        </test-method> <!-- setUp -->
        <test-method is-config="true" signature="setUp()[pri:0, instance:com.sha.tests.HomePageTest@58d75e99]" started-at="2023-01-11T13:25:05 CST" name="setUp" finished-at="2023-01-11T13:25:21 CST" duration-ms="16272" status="PASS">
          <reporter-output>
          </reporter-output>
        </test-method> <!-- setUp -->
        <test-method signature="titleValidationTest(com.sha.testdata.TestData)[pri:0, instance:com.sha.tests.HomePageTest@58d75e99]" started-at="2023-01-11T13:25:21 CST" name="titleValidationTest" description="To check whether the user the title of orangehrm website homepage is displayed correctly" data-provider="supplyParallelData" finished-at="2023-01-11T13:25:30 CST" duration-ms="8736" status="PASS">
          <params>
            <param index="0">
              <value>
                <![CDATA[com.sha.testdata.TestData@f73424b]]>
              </value>
            </param>
          </params>
          <reporter-output>
          </reporter-output>
        </test-method> <!-- titleValidationTest -->
        <test-method signature="titleValidationTest(com.sha.testdata.TestData)[pri:0, instance:com.sha.tests.HomePageTest@58d75e99]" started-at="2023-01-11T13:25:21 CST" name="titleValidationTest" description="To check whether the user the title of orangehrm website homepage is displayed correctly" data-provider="supplyParallelData" finished-at="2023-01-11T13:25:28 CST" duration-ms="6937" status="PASS">
          <params>
            <param index="0">
              <value>
                <![CDATA[com.sha.testdata.TestData@61c817b0]]>
              </value>
            </param>
          </params>
          <reporter-output>
          </reporter-output>
        </test-method> <!-- titleValidationTest -->
        <test-method is-config="true" signature="tearDown()[pri:0, instance:com.sha.tests.HomePageTest@58d75e99]" started-at="2023-01-11T13:25:29 CST" name="tearDown" finished-at="2023-01-11T13:25:30 CST" duration-ms="1204" status="PASS">
          <reporter-output>
          </reporter-output>
        </test-method> <!-- tearDown -->
        <test-method is-config="true" signature="tearDown()[pri:0, instance:com.sha.tests.HomePageTest@58d75e99]" started-at="2023-01-11T13:25:31 CST" name="tearDown" finished-at="2023-01-11T13:25:32 CST" duration-ms="855" status="PASS">
          <reporter-output>
          </reporter-output>
        </test-method> <!-- tearDown -->
      </class> <!-- com.sha.tests.HomePageTest -->
    </test> <!-- SeleniumFramework -->
  </suite> <!-- All Test Suite -->
</testng-results>
